[0.030s] Invoking command in '/workspace/ros2_ws/build/camera_testing': CMAKE_PREFIX_PATH=${CMAKE_PREFIX_PATH}:/opt/ros/eloquent /usr/bin/cmake --build /workspace/ros2_ws/build/camera_testing -- -j32 -l32
[0.065s] [35m[1mScanning dependencies of target camera_testing_node[0m
[0.087s] [ 50%] [32mBuilding CXX object CMakeFiles/camera_testing_node.dir/src/video_publisher.cpp.o[0m
[1.052s] [01m[K/workspace/ros2_ws/src/camera_testing/src/video_publisher.cpp:[m[K In constructor â€˜[01m[Kvideo_publisher::video_publisher()[m[Kâ€™:
[1.052s] [01m[K/workspace/ros2_ws/src/camera_testing/src/video_publisher.cpp:38:20:[m[K [01;31m[Kerror: [m[Kâ€˜[01m[KVideoPublisher[m[Kâ€™ has not been declared
[1.052s]          std::bind(&[01;31m[KVideoPublisher[m[K::publish_frame, this));
[1.052s]                     [01;31m[K^~~~~~~~~~~~~~[m[K
[1.414s] make[2]: *** [CMakeFiles/camera_testing_node.dir/src/video_publisher.cpp.o] Error 1
[1.414s] make[1]: *** [CMakeFiles/camera_testing_node.dir/all] Error 2
[1.414s] CMakeFiles/camera_testing_node.dir/build.make:62: recipe for target 'CMakeFiles/camera_testing_node.dir/src/video_publisher.cpp.o' failed
[1.415s] CMakeFiles/Makefile2:131: recipe for target 'CMakeFiles/camera_testing_node.dir/all' failed
[1.415s] Makefile:140: recipe for target 'all' failed
[1.415s] make: *** [all] Error 2
[1.416s] Invoked command in '/workspace/ros2_ws/build/camera_testing' returned '2': CMAKE_PREFIX_PATH=${CMAKE_PREFIX_PATH}:/opt/ros/eloquent /usr/bin/cmake --build /workspace/ros2_ws/build/camera_testing -- -j32 -l32
